<?xml version="1.0" encoding="UTF-8"?>
<!-- Generated by org.testng.reporters.JUnitXMLReporter -->
<testsuite hostname="DT-PC" ignored="0" name="Default test" tests="3" failures="0" timestamp="09 Apr 2018 12:54:10 GMT" time="0.191" errors="0">
  <testcase name="testAppraisal" time="0.032" classname="unitTest.Test2"/>
  <testcase name="testAnnualSalary" time="0.003" classname="unitTest.Test1"/>
  <testcase name="testAppraisal" time="0.002" classname="unitTest.Test3"/>
</testsuite> <!-- Default test -->
